2020-10-14 09:24:03,032 org.springframework.boot.StartupInfoLogger DEBUG (StartupInfoLogger.java:56) - Running with Spring Boot v2.2.7.RELEASE, Spring v5.2.6.RELEASE
2020-10-14 09:31:27,974 org.springframework.boot.StartupInfoLogger DEBUG (StartupInfoLogger.java:56) - Running with Spring Boot v2.2.7.RELEASE, Spring v5.2.6.RELEASE
2020-10-14 09:32:49,787 org.tts.service.networks.NetworkService DEBUG (NetworkService.java:518) - Found Species RPS6KA6 with uuid: 4f86e8a5-d5d4-480c-890f-e973d87ff3ab
2020-10-14 09:32:49,789 org.tts.service.networks.NetworkService DEBUG (NetworkService.java:520) - Using RPS6KA6
2020-10-14 09:33:03,445 org.tts.service.networks.NetworkService DEBUG (NetworkService.java:518) - Found Species RPS6KA6 with uuid: 4f86e8a5-d5d4-480c-890f-e973d87ff3ab
2020-10-14 09:33:03,446 org.tts.service.networks.NetworkService DEBUG (NetworkService.java:520) - Using RPS6KA6
2020-10-14 09:35:05,921 org.springframework.boot.StartupInfoLogger DEBUG (StartupInfoLogger.java:56) - Running with Spring Boot v2.2.7.RELEASE, Spring v5.2.6.RELEASE
2020-10-14 09:36:13,456 org.tts.service.networks.NetworkService DEBUG (NetworkService.java:518) - Found Species RPS6KA6 with uuid: 4f86e8a5-d5d4-480c-890f-e973d87ff3ab
2020-10-14 09:36:13,459 org.tts.service.networks.NetworkService DEBUG (NetworkService.java:520) - Using RPS6KA6
2020-10-14 09:36:28,165 org.tts.service.networks.NetworkService DEBUG (NetworkService.java:518) - Found Species RPS6KA6 with uuid: 4f86e8a5-d5d4-480c-890f-e973d87ff3ab
2020-10-14 09:36:28,168 org.tts.service.networks.NetworkService DEBUG (NetworkService.java:520) - Using RPS6KA6
2020-10-14 09:42:03,122 org.tts.service.networks.NetworkService DEBUG (NetworkService.java:518) - Found Species RPS6KA6 with uuid: 4f86e8a5-d5d4-480c-890f-e973d87ff3ab
2020-10-14 09:42:03,136 org.tts.service.networks.NetworkService DEBUG (NetworkService.java:520) - Using RPS6KA6
2020-10-14 09:42:09,644 org.tts.service.networks.NetworkService DEBUG (NetworkService.java:518) - Found Species RPS6KA6 with uuid: 4f86e8a5-d5d4-480c-890f-e973d87ff3ab
2020-10-14 09:42:09,645 org.tts.service.networks.NetworkService DEBUG (NetworkService.java:520) - Using RPS6KA6
2020-10-14 09:44:28,803 org.springframework.boot.StartupInfoLogger DEBUG (StartupInfoLogger.java:56) - Running with Spring Boot v2.2.7.RELEASE, Spring v5.2.6.RELEASE
2020-10-14 09:45:31,309 org.tts.service.networks.NetworkService DEBUG (NetworkService.java:518) - Found Species RPS6KA6 with uuid: 4f86e8a5-d5d4-480c-890f-e973d87ff3ab
2020-10-14 09:45:31,311 org.tts.service.networks.NetworkService DEBUG (NetworkService.java:520) - Using RPS6KA6
2020-10-14 09:45:39,127 org.tts.service.networks.NetworkService DEBUG (NetworkService.java:518) - Found Species RPS6KA6 with uuid: 4f86e8a5-d5d4-480c-890f-e973d87ff3ab
2020-10-14 09:45:39,129 org.tts.service.networks.NetworkService DEBUG (NetworkService.java:520) - Using RPS6KA6
2020-10-14 09:48:13,241 org.springframework.boot.StartupInfoLogger DEBUG (StartupInfoLogger.java:56) - Running with Spring Boot v2.2.7.RELEASE, Spring v5.2.6.RELEASE
2020-10-14 09:54:54,203 org.tts.service.networks.NetworkService DEBUG (NetworkService.java:518) - Found Species RPS6KA6 with uuid: 4f86e8a5-d5d4-480c-890f-e973d87ff3ab
2020-10-14 09:54:54,205 org.tts.service.networks.NetworkService DEBUG (NetworkService.java:520) - Using RPS6KA6
2020-10-14 09:55:00,048 org.tts.service.networks.NetworkService DEBUG (NetworkService.java:518) - Found Species RPS6KA6 with uuid: 4f86e8a5-d5d4-480c-890f-e973d87ff3ab
2020-10-14 09:55:00,049 org.tts.service.networks.NetworkService DEBUG (NetworkService.java:520) - Using RPS6KA6
2020-10-14 14:39:43,139 org.springframework.boot.StartupInfoLogger DEBUG (StartupInfoLogger.java:56) - Running with Spring Boot v2.2.7.RELEASE, Spring v5.2.6.RELEASE
2020-10-14 14:46:50,015 org.tts.service.networks.NetworkService DEBUG (NetworkService.java:518) - Found Species RPS6KA6 with uuid: 4f86e8a5-d5d4-480c-890f-e973d87ff3ab
2020-10-14 14:46:50,019 org.tts.service.networks.NetworkService DEBUG (NetworkService.java:520) - Using RPS6KA6
2020-10-14 14:46:52,610 org.tts.service.networks.NetworkService DEBUG (NetworkService.java:518) - Found Species RPS6KA6 with uuid: 4f86e8a5-d5d4-480c-890f-e973d87ff3ab
2020-10-14 14:46:52,611 org.tts.service.networks.NetworkService DEBUG (NetworkService.java:520) - Using RPS6KA6
2020-10-14 14:46:56,232 org.tts.service.networks.NetworkService DEBUG (NetworkService.java:518) - Found Species RPS6KA6 with uuid: 4f86e8a5-d5d4-480c-890f-e973d87ff3ab
2020-10-14 14:46:56,233 org.tts.service.networks.NetworkService DEBUG (NetworkService.java:520) - Using RPS6KA6
2020-10-14 14:46:57,264 org.tts.service.networks.NetworkService DEBUG (NetworkService.java:518) - Found Species RPS6KA6 with uuid: 4f86e8a5-d5d4-480c-890f-e973d87ff3ab
2020-10-14 14:46:57,266 org.tts.service.networks.NetworkService DEBUG (NetworkService.java:520) - Using RPS6KA6
2020-10-14 14:46:59,036 org.tts.service.networks.NetworkService DEBUG (NetworkService.java:518) - Found Species RPS6KA6 with uuid: 4f86e8a5-d5d4-480c-890f-e973d87ff3ab
2020-10-14 14:46:59,037 org.tts.service.networks.NetworkService DEBUG (NetworkService.java:520) - Using RPS6KA6
2020-10-14 14:47:02,722 org.tts.service.networks.NetworkService DEBUG (NetworkService.java:518) - Found Species RPS6KA6 with uuid: 4f86e8a5-d5d4-480c-890f-e973d87ff3ab
2020-10-14 14:47:02,723 org.tts.service.networks.NetworkService DEBUG (NetworkService.java:520) - Using RPS6KA6
2020-10-14 14:56:05,974 org.tts.service.networks.NetworkService DEBUG (NetworkService.java:518) - Found Species RPS6KA6 with uuid: 4f86e8a5-d5d4-480c-890f-e973d87ff3ab
2020-10-14 14:56:05,987 org.tts.service.networks.NetworkService DEBUG (NetworkService.java:520) - Using RPS6KA6
2020-10-14 14:56:10,392 org.tts.service.networks.NetworkService DEBUG (NetworkService.java:518) - Found Species RPS6KA6 with uuid: 4f86e8a5-d5d4-480c-890f-e973d87ff3ab
2020-10-14 14:56:10,393 org.tts.service.networks.NetworkService DEBUG (NetworkService.java:520) - Using RPS6KA6
2020-10-14 14:56:15,410 org.tts.service.networks.NetworkService DEBUG (NetworkService.java:518) - Found Species RPS6KA6 with uuid: 4f86e8a5-d5d4-480c-890f-e973d87ff3ab
2020-10-14 14:56:15,411 org.tts.service.networks.NetworkService DEBUG (NetworkService.java:520) - Using RPS6KA6
2020-10-14 14:56:20,779 org.tts.service.networks.NetworkService DEBUG (NetworkService.java:518) - Found Species RPS6KA6 with uuid: 4f86e8a5-d5d4-480c-890f-e973d87ff3ab
2020-10-14 14:56:20,781 org.tts.service.networks.NetworkService DEBUG (NetworkService.java:520) - Using RPS6KA6
2020-10-14 14:56:23,014 org.tts.service.networks.NetworkService DEBUG (NetworkService.java:518) - Found Species RPS6KA6 with uuid: 4f86e8a5-d5d4-480c-890f-e973d87ff3ab
2020-10-14 14:56:23,015 org.tts.service.networks.NetworkService DEBUG (NetworkService.java:520) - Using RPS6KA6
2020-10-14 14:56:27,362 org.tts.service.networks.NetworkService DEBUG (NetworkService.java:518) - Found Species RPS6KA6 with uuid: 4f86e8a5-d5d4-480c-890f-e973d87ff3ab
2020-10-14 14:56:27,364 org.tts.service.networks.NetworkService DEBUG (NetworkService.java:520) - Using RPS6KA6
2020-10-14 15:07:23,698 org.tts.service.networks.NetworkService DEBUG (NetworkService.java:518) - Found Species RPS6KA6 with uuid: 4f86e8a5-d5d4-480c-890f-e973d87ff3ab
2020-10-14 15:07:23,703 org.tts.service.networks.NetworkService DEBUG (NetworkService.java:520) - Using RPS6KA6
2020-10-14 15:07:27,227 org.tts.service.networks.NetworkService DEBUG (NetworkService.java:518) - Found Species RPS6KA6 with uuid: 4f86e8a5-d5d4-480c-890f-e973d87ff3ab
2020-10-14 15:07:27,228 org.tts.service.networks.NetworkService DEBUG (NetworkService.java:520) - Using RPS6KA6
2020-10-14 15:07:31,283 org.tts.service.networks.NetworkService DEBUG (NetworkService.java:518) - Found Species RPS6KA6 with uuid: 4f86e8a5-d5d4-480c-890f-e973d87ff3ab
2020-10-14 15:07:31,284 org.tts.service.networks.NetworkService DEBUG (NetworkService.java:520) - Using RPS6KA6
2020-10-14 15:07:38,328 org.tts.service.networks.NetworkService DEBUG (NetworkService.java:518) - Found Species RPS6KA6 with uuid: 4f86e8a5-d5d4-480c-890f-e973d87ff3ab
2020-10-14 15:07:38,329 org.tts.service.networks.NetworkService DEBUG (NetworkService.java:520) - Using RPS6KA6
2020-10-14 15:07:40,551 org.tts.service.networks.NetworkService DEBUG (NetworkService.java:518) - Found Species RPS6KA6 with uuid: 4f86e8a5-d5d4-480c-890f-e973d87ff3ab
2020-10-14 15:07:40,552 org.tts.service.networks.NetworkService DEBUG (NetworkService.java:520) - Using RPS6KA6
2020-10-14 15:07:44,853 org.tts.service.networks.NetworkService DEBUG (NetworkService.java:518) - Found Species RPS6KA6 with uuid: 4f86e8a5-d5d4-480c-890f-e973d87ff3ab
2020-10-14 15:07:44,854 org.tts.service.networks.NetworkService DEBUG (NetworkService.java:520) - Using RPS6KA6
2020-10-14 15:17:44,214 org.tts.service.networks.NetworkService DEBUG (NetworkService.java:518) - Found Species RPS6KA6 with uuid: 4f86e8a5-d5d4-480c-890f-e973d87ff3ab
2020-10-14 15:17:44,218 org.tts.service.networks.NetworkService DEBUG (NetworkService.java:520) - Using RPS6KA6
2020-10-14 15:17:51,575 org.tts.service.networks.NetworkService DEBUG (NetworkService.java:518) - Found Species RPS6KA6 with uuid: 4f86e8a5-d5d4-480c-890f-e973d87ff3ab
2020-10-14 15:17:51,576 org.tts.service.networks.NetworkService DEBUG (NetworkService.java:520) - Using RPS6KA6
2020-10-14 15:17:57,658 org.tts.service.networks.NetworkService DEBUG (NetworkService.java:518) - Found Species RPS6KA6 with uuid: 4f86e8a5-d5d4-480c-890f-e973d87ff3ab
2020-10-14 15:17:57,659 org.tts.service.networks.NetworkService DEBUG (NetworkService.java:520) - Using RPS6KA6
2020-10-14 15:17:58,348 org.tts.service.networks.NetworkService DEBUG (NetworkService.java:518) - Found Species RPS6KA6 with uuid: 4f86e8a5-d5d4-480c-890f-e973d87ff3ab
2020-10-14 15:17:58,349 org.tts.service.networks.NetworkService DEBUG (NetworkService.java:520) - Using RPS6KA6
2020-10-14 15:18:00,721 org.tts.service.networks.NetworkService DEBUG (NetworkService.java:518) - Found Species RPS6KA6 with uuid: 4f86e8a5-d5d4-480c-890f-e973d87ff3ab
2020-10-14 15:18:00,723 org.tts.service.networks.NetworkService DEBUG (NetworkService.java:520) - Using RPS6KA6
2020-10-14 15:18:05,835 org.tts.service.networks.NetworkService DEBUG (NetworkService.java:518) - Found Species RPS6KA6 with uuid: 4f86e8a5-d5d4-480c-890f-e973d87ff3ab
2020-10-14 15:18:05,836 org.tts.service.networks.NetworkService DEBUG (NetworkService.java:520) - Using RPS6KA6
2020-10-14 15:20:45,698 org.springframework.boot.StartupInfoLogger DEBUG (StartupInfoLogger.java:56) - Running with Spring Boot v2.2.7.RELEASE, Spring v5.2.6.RELEASE
2020-10-14 15:29:08,625 org.tts.service.networks.NetworkService DEBUG (NetworkService.java:518) - Found Species RPS6KA6 with uuid: 4f86e8a5-d5d4-480c-890f-e973d87ff3ab
2020-10-14 15:29:08,626 org.tts.service.networks.NetworkService DEBUG (NetworkService.java:520) - Using RPS6KA6
2020-10-14 15:29:20,752 org.tts.service.networks.NetworkService DEBUG (NetworkService.java:518) - Found Species RPS6KA6 with uuid: 4f86e8a5-d5d4-480c-890f-e973d87ff3ab
2020-10-14 15:29:20,753 org.tts.service.networks.NetworkService DEBUG (NetworkService.java:520) - Using RPS6KA6
2020-10-14 15:29:36,263 org.tts.service.networks.NetworkService DEBUG (NetworkService.java:518) - Found Species RPS6KA6 with uuid: 4f86e8a5-d5d4-480c-890f-e973d87ff3ab
2020-10-14 15:29:36,264 org.tts.service.networks.NetworkService DEBUG (NetworkService.java:520) - Using RPS6KA6
2020-10-14 15:39:49,829 org.tts.service.networks.NetworkService DEBUG (NetworkService.java:518) - Found Species RPS6KA6 with uuid: 4f86e8a5-d5d4-480c-890f-e973d87ff3ab
2020-10-14 15:39:49,834 org.tts.service.networks.NetworkService DEBUG (NetworkService.java:520) - Using RPS6KA6
2020-10-14 15:40:04,020 org.tts.service.networks.NetworkService DEBUG (NetworkService.java:518) - Found Species RPS6KA6 with uuid: 4f86e8a5-d5d4-480c-890f-e973d87ff3ab
2020-10-14 15:40:04,026 org.tts.service.networks.NetworkService DEBUG (NetworkService.java:520) - Using RPS6KA6
2020-10-14 15:40:19,008 org.tts.service.networks.NetworkService DEBUG (NetworkService.java:518) - Found Species RPS6KA6 with uuid: 4f86e8a5-d5d4-480c-890f-e973d87ff3ab
2020-10-14 15:40:19,008 org.tts.service.networks.NetworkService DEBUG (NetworkService.java:520) - Using RPS6KA6
2020-10-14 15:48:41,946 org.springframework.boot.StartupInfoLogger DEBUG (StartupInfoLogger.java:56) - Running with Spring Boot v2.2.7.RELEASE, Spring v5.2.6.RELEASE
2020-10-14 15:52:34,731 org.tts.service.networks.NetworkService DEBUG (NetworkService.java:518) - Found Species RPS6KA6 with uuid: 4f86e8a5-d5d4-480c-890f-e973d87ff3ab
2020-10-14 15:52:34,732 org.tts.service.networks.NetworkService DEBUG (NetworkService.java:520) - Using RPS6KA6
2020-10-14 15:52:48,509 org.tts.service.networks.NetworkService DEBUG (NetworkService.java:518) - Found Species RPS6KA6 with uuid: 4f86e8a5-d5d4-480c-890f-e973d87ff3ab
2020-10-14 15:52:48,510 org.tts.service.networks.NetworkService DEBUG (NetworkService.java:520) - Using RPS6KA6
2020-10-14 15:53:03,064 org.tts.service.networks.NetworkService DEBUG (NetworkService.java:518) - Found Species RPS6KA6 with uuid: 4f86e8a5-d5d4-480c-890f-e973d87ff3ab
2020-10-14 15:53:03,065 org.tts.service.networks.NetworkService DEBUG (NetworkService.java:520) - Using RPS6KA6
2020-10-14 15:59:48,369 org.tts.service.networks.NetworkService DEBUG (NetworkService.java:518) - Found Species RPS6KA6 with uuid: 4f86e8a5-d5d4-480c-890f-e973d87ff3ab
2020-10-14 15:59:48,378 org.tts.service.networks.NetworkService DEBUG (NetworkService.java:520) - Using RPS6KA6
2020-10-14 16:00:00,528 org.tts.service.networks.NetworkService DEBUG (NetworkService.java:518) - Found Species RPS6KA6 with uuid: 4f86e8a5-d5d4-480c-890f-e973d87ff3ab
2020-10-14 16:00:00,530 org.tts.service.networks.NetworkService DEBUG (NetworkService.java:520) - Using RPS6KA6
2020-10-14 16:00:11,651 org.tts.service.networks.NetworkService DEBUG (NetworkService.java:518) - Found Species RPS6KA6 with uuid: 4f86e8a5-d5d4-480c-890f-e973d87ff3ab
2020-10-14 16:00:11,652 org.tts.service.networks.NetworkService DEBUG (NetworkService.java:520) - Using RPS6KA6
2020-10-14 16:19:30,665 org.tts.service.networks.NetworkService DEBUG (NetworkService.java:518) - Found Species RPS6KA6 with uuid: 4f86e8a5-d5d4-480c-890f-e973d87ff3ab
2020-10-14 16:19:30,684 org.tts.service.networks.NetworkService DEBUG (NetworkService.java:520) - Using RPS6KA6
2020-10-14 16:19:42,204 org.tts.service.networks.NetworkService DEBUG (NetworkService.java:518) - Found Species RPS6KA6 with uuid: 4f86e8a5-d5d4-480c-890f-e973d87ff3ab
2020-10-14 16:19:42,205 org.tts.service.networks.NetworkService DEBUG (NetworkService.java:520) - Using RPS6KA6
2020-10-14 16:19:53,821 org.tts.service.networks.NetworkService DEBUG (NetworkService.java:518) - Found Species RPS6KA6 with uuid: 4f86e8a5-d5d4-480c-890f-e973d87ff3ab
2020-10-14 16:19:53,821 org.tts.service.networks.NetworkService DEBUG (NetworkService.java:520) - Using RPS6KA6
2020-10-14 16:23:28,413 org.springframework.boot.StartupInfoLogger DEBUG (StartupInfoLogger.java:56) - Running with Spring Boot v2.2.7.RELEASE, Spring v5.2.6.RELEASE
2020-10-14 16:25:08,297 org.tts.service.networks.NetworkService DEBUG (NetworkService.java:518) - Found Species RPS6KA6 with uuid: 4f86e8a5-d5d4-480c-890f-e973d87ff3ab
2020-10-14 16:25:08,298 org.tts.service.networks.NetworkService DEBUG (NetworkService.java:520) - Using RPS6KA6
2020-10-14 16:25:08,881 org.tts.service.networks.NetworkService DEBUG (NetworkService.java:518) - Found Species RPS6KA6 with uuid: 4f86e8a5-d5d4-480c-890f-e973d87ff3ab
2020-10-14 16:25:08,882 org.tts.service.networks.NetworkService DEBUG (NetworkService.java:520) - Using RPS6KA6
2020-10-14 16:25:18,372 org.tts.service.networks.NetworkService DEBUG (NetworkService.java:518) - Found Species RPS6KA6 with uuid: 4f86e8a5-d5d4-480c-890f-e973d87ff3ab
2020-10-14 16:25:18,373 org.tts.service.networks.NetworkService DEBUG (NetworkService.java:520) - Using RPS6KA6
2020-10-14 16:25:18,379 org.tts.service.networks.NetworkService DEBUG (NetworkService.java:518) - Found Species RPS6KA6 with uuid: 4f86e8a5-d5d4-480c-890f-e973d87ff3ab
2020-10-14 16:25:18,380 org.tts.service.networks.NetworkService DEBUG (NetworkService.java:520) - Using RPS6KA6
2020-10-14 16:25:27,593 org.tts.service.networks.NetworkService DEBUG (NetworkService.java:518) - Found Species RPS6KA6 with uuid: 4f86e8a5-d5d4-480c-890f-e973d87ff3ab
2020-10-14 16:25:27,594 org.tts.service.networks.NetworkService DEBUG (NetworkService.java:520) - Using RPS6KA6
2020-10-14 16:25:27,808 org.tts.service.networks.NetworkService DEBUG (NetworkService.java:518) - Found Species RPS6KA6 with uuid: 4f86e8a5-d5d4-480c-890f-e973d87ff3ab
2020-10-14 16:25:27,810 org.tts.service.networks.NetworkService DEBUG (NetworkService.java:520) - Using RPS6KA6
2020-10-14 16:50:15,490 org.springframework.boot.StartupInfoLogger DEBUG (StartupInfoLogger.java:56) - Running with Spring Boot v2.2.7.RELEASE, Spring v5.2.6.RELEASE
2020-10-14 16:55:38,587 org.tts.service.networks.NetworkService DEBUG (NetworkService.java:518) - Found Species RPS6KA6 with uuid: 4f86e8a5-d5d4-480c-890f-e973d87ff3ab
2020-10-14 16:55:38,589 org.tts.service.networks.NetworkService DEBUG (NetworkService.java:520) - Using RPS6KA6
2020-10-14 16:55:38,611 org.tts.service.networks.NetworkService DEBUG (NetworkService.java:518) - Found Species RPS6KA6 with uuid: 4f86e8a5-d5d4-480c-890f-e973d87ff3ab
2020-10-14 16:55:38,612 org.tts.service.networks.NetworkService DEBUG (NetworkService.java:520) - Using RPS6KA6
2020-10-14 16:55:48,164 org.tts.service.networks.NetworkService DEBUG (NetworkService.java:518) - Found Species RPS6KA6 with uuid: 4f86e8a5-d5d4-480c-890f-e973d87ff3ab
2020-10-14 16:55:48,165 org.tts.service.networks.NetworkService DEBUG (NetworkService.java:520) - Using RPS6KA6
2020-10-14 16:55:48,228 org.tts.service.networks.NetworkService DEBUG (NetworkService.java:518) - Found Species RPS6KA6 with uuid: 4f86e8a5-d5d4-480c-890f-e973d87ff3ab
2020-10-14 16:55:48,229 org.tts.service.networks.NetworkService DEBUG (NetworkService.java:520) - Using RPS6KA6
2020-10-14 16:55:57,371 org.tts.service.networks.NetworkService DEBUG (NetworkService.java:518) - Found Species RPS6KA6 with uuid: 4f86e8a5-d5d4-480c-890f-e973d87ff3ab
2020-10-14 16:55:57,372 org.tts.service.networks.NetworkService DEBUG (NetworkService.java:520) - Using RPS6KA6
2020-10-14 16:55:57,541 org.tts.service.networks.NetworkService DEBUG (NetworkService.java:518) - Found Species RPS6KA6 with uuid: 4f86e8a5-d5d4-480c-890f-e973d87ff3ab
2020-10-14 16:55:57,543 org.tts.service.networks.NetworkService DEBUG (NetworkService.java:520) - Using RPS6KA6
2020-10-15 07:22:11,221 org.springframework.boot.StartupInfoLogger DEBUG (StartupInfoLogger.java:56) - Running with Spring Boot v2.2.7.RELEASE, Spring v5.2.6.RELEASE
2020-10-15 07:31:34,588 org.tts.service.networks.NetworkService DEBUG (NetworkService.java:518) - Found Species RPS6KA6 with uuid: 4f86e8a5-d5d4-480c-890f-e973d87ff3ab
2020-10-15 07:31:34,590 org.tts.service.networks.NetworkService DEBUG (NetworkService.java:520) - Using RPS6KA6
2020-10-15 07:31:44,112 org.tts.service.networks.NetworkService DEBUG (NetworkService.java:518) - Found Species RPS6KA6 with uuid: 4f86e8a5-d5d4-480c-890f-e973d87ff3ab
2020-10-15 07:31:44,113 org.tts.service.networks.NetworkService DEBUG (NetworkService.java:520) - Using RPS6KA6
2020-10-15 07:31:44,254 org.tts.service.networks.NetworkService DEBUG (NetworkService.java:518) - Found Species RPS6KA6 with uuid: 4f86e8a5-d5d4-480c-890f-e973d87ff3ab
2020-10-15 07:31:44,255 org.tts.service.networks.NetworkService DEBUG (NetworkService.java:520) - Using RPS6KA6
2020-10-15 07:31:49,268 org.tts.service.networks.NetworkService DEBUG (NetworkService.java:518) - Found Species RPS6KA6 with uuid: 4f86e8a5-d5d4-480c-890f-e973d87ff3ab
2020-10-15 07:31:49,269 org.tts.service.networks.NetworkService DEBUG (NetworkService.java:520) - Using RPS6KA6
2020-10-15 07:31:54,619 org.tts.service.networks.NetworkService DEBUG (NetworkService.java:518) - Found Species RPS6KA6 with uuid: 4f86e8a5-d5d4-480c-890f-e973d87ff3ab
2020-10-15 07:31:54,620 org.tts.service.networks.NetworkService DEBUG (NetworkService.java:520) - Using RPS6KA6
2020-10-15 07:31:55,867 org.tts.service.networks.NetworkService DEBUG (NetworkService.java:518) - Found Species RPS6KA6 with uuid: 4f86e8a5-d5d4-480c-890f-e973d87ff3ab
2020-10-15 07:31:55,869 org.tts.service.networks.NetworkService DEBUG (NetworkService.java:520) - Using RPS6KA6
2020-10-15 07:35:26,912 org.springframework.boot.StartupInfoLogger DEBUG (StartupInfoLogger.java:56) - Running with Spring Boot v2.2.7.RELEASE, Spring v5.2.6.RELEASE
2020-10-15 07:41:41,784 org.tts.service.networks.NetworkService DEBUG (NetworkService.java:518) - Found Species RPS6KA6 with uuid: 4f86e8a5-d5d4-480c-890f-e973d87ff3ab
2020-10-15 07:41:41,787 org.tts.service.networks.NetworkService DEBUG (NetworkService.java:520) - Using RPS6KA6
2020-10-15 07:41:47,441 org.tts.service.networks.NetworkService DEBUG (NetworkService.java:518) - Found Species RPS6KA6 with uuid: 4f86e8a5-d5d4-480c-890f-e973d87ff3ab
2020-10-15 07:41:47,442 org.tts.service.networks.NetworkService DEBUG (NetworkService.java:520) - Using RPS6KA6
2020-10-15 07:41:50,738 org.tts.service.networks.NetworkService DEBUG (NetworkService.java:518) - Found Species RPS6KA6 with uuid: 4f86e8a5-d5d4-480c-890f-e973d87ff3ab
2020-10-15 07:41:50,739 org.tts.service.networks.NetworkService DEBUG (NetworkService.java:520) - Using RPS6KA6
2020-10-15 07:41:52,123 org.tts.service.networks.NetworkService DEBUG (NetworkService.java:518) - Found Species RPS6KA6 with uuid: 4f86e8a5-d5d4-480c-890f-e973d87ff3ab
2020-10-15 07:41:52,124 org.tts.service.networks.NetworkService DEBUG (NetworkService.java:520) - Using RPS6KA6
2020-10-15 07:42:01,008 org.tts.service.networks.NetworkService DEBUG (NetworkService.java:518) - Found Species RPS6KA6 with uuid: 4f86e8a5-d5d4-480c-890f-e973d87ff3ab
2020-10-15 07:42:01,011 org.tts.service.networks.NetworkService DEBUG (NetworkService.java:520) - Using RPS6KA6
2020-10-15 07:42:01,259 org.tts.service.networks.NetworkService DEBUG (NetworkService.java:518) - Found Species RPS6KA6 with uuid: 4f86e8a5-d5d4-480c-890f-e973d87ff3ab
2020-10-15 07:42:01,260 org.tts.service.networks.NetworkService DEBUG (NetworkService.java:520) - Using RPS6KA6
2020-10-15 07:45:22,765 org.springframework.boot.StartupInfoLogger DEBUG (StartupInfoLogger.java:56) - Running with Spring Boot v2.2.7.RELEASE, Spring v5.2.6.RELEASE
2020-10-15 07:53:22,976 org.tts.service.networks.NetworkService DEBUG (NetworkService.java:518) - Found Species RPS6KA6 with uuid: 4f86e8a5-d5d4-480c-890f-e973d87ff3ab
2020-10-15 07:53:22,977 org.tts.service.networks.NetworkService DEBUG (NetworkService.java:520) - Using RPS6KA6
2020-10-15 07:53:28,639 org.tts.service.networks.NetworkService DEBUG (NetworkService.java:518) - Found Species RPS6KA6 with uuid: 4f86e8a5-d5d4-480c-890f-e973d87ff3ab
2020-10-15 07:53:28,640 org.tts.service.networks.NetworkService DEBUG (NetworkService.java:520) - Using RPS6KA6
2020-10-15 07:53:36,483 org.tts.service.networks.NetworkService DEBUG (NetworkService.java:518) - Found Species RPS6KA6 with uuid: 4f86e8a5-d5d4-480c-890f-e973d87ff3ab
2020-10-15 07:53:36,485 org.tts.service.networks.NetworkService DEBUG (NetworkService.java:520) - Using RPS6KA6
2020-10-15 08:40:05,790 org.springframework.boot.StartupInfoLogger DEBUG (StartupInfoLogger.java:56) - Running with Spring Boot v2.2.7.RELEASE, Spring v5.2.6.RELEASE
2020-10-15 08:48:29,036 org.tts.service.networks.NetworkService DEBUG (NetworkService.java:518) - Found Species RPS6KA6 with uuid: 4f86e8a5-d5d4-480c-890f-e973d87ff3ab
2020-10-15 08:48:29,037 org.tts.service.networks.NetworkService DEBUG (NetworkService.java:520) - Using RPS6KA6
2020-10-15 08:48:39,793 org.tts.service.networks.NetworkService DEBUG (NetworkService.java:518) - Found Species RPS6KA6 with uuid: 4f86e8a5-d5d4-480c-890f-e973d87ff3ab
2020-10-15 08:48:39,795 org.tts.service.networks.NetworkService DEBUG (NetworkService.java:520) - Using RPS6KA6
2020-10-15 08:48:52,343 org.tts.service.networks.NetworkService DEBUG (NetworkService.java:518) - Found Species RPS6KA6 with uuid: 4f86e8a5-d5d4-480c-890f-e973d87ff3ab
2020-10-15 08:48:52,344 org.tts.service.networks.NetworkService DEBUG (NetworkService.java:520) - Using RPS6KA6
2020-10-15 08:51:19,293 org.springframework.boot.StartupInfoLogger DEBUG (StartupInfoLogger.java:56) - Running with Spring Boot v2.2.7.RELEASE, Spring v5.2.6.RELEASE
2020-10-15 08:53:27,673 org.tts.service.networks.NetworkService DEBUG (NetworkService.java:518) - Found Species RPS6KA6 with uuid: 4f86e8a5-d5d4-480c-890f-e973d87ff3ab
2020-10-15 08:53:27,675 org.tts.service.networks.NetworkService DEBUG (NetworkService.java:520) - Using RPS6KA6
2020-10-15 08:53:35,752 org.tts.service.networks.NetworkService DEBUG (NetworkService.java:518) - Found Species RPS6KA6 with uuid: 4f86e8a5-d5d4-480c-890f-e973d87ff3ab
2020-10-15 08:53:35,754 org.tts.service.networks.NetworkService DEBUG (NetworkService.java:520) - Using RPS6KA6
2020-10-15 08:53:44,867 org.tts.service.networks.NetworkService DEBUG (NetworkService.java:518) - Found Species RPS6KA6 with uuid: 4f86e8a5-d5d4-480c-890f-e973d87ff3ab
2020-10-15 08:53:44,868 org.tts.service.networks.NetworkService DEBUG (NetworkService.java:520) - Using RPS6KA6
2020-10-15 08:56:20,024 org.springframework.boot.StartupInfoLogger DEBUG (StartupInfoLogger.java:56) - Running with Spring Boot v2.2.7.RELEASE, Spring v5.2.6.RELEASE
2020-10-15 09:13:34,618 org.tts.service.networks.NetworkService DEBUG (NetworkService.java:518) - Found Species RPS6KA6 with uuid: 4f86e8a5-d5d4-480c-890f-e973d87ff3ab
2020-10-15 09:13:34,623 org.tts.service.networks.NetworkService DEBUG (NetworkService.java:520) - Using RPS6KA6
2020-10-15 09:13:41,840 org.tts.service.networks.NetworkService DEBUG (NetworkService.java:518) - Found Species RPS6KA6 with uuid: 4f86e8a5-d5d4-480c-890f-e973d87ff3ab
2020-10-15 09:13:41,841 org.tts.service.networks.NetworkService DEBUG (NetworkService.java:520) - Using RPS6KA6
2020-10-15 09:13:49,062 org.tts.service.networks.NetworkService DEBUG (NetworkService.java:518) - Found Species RPS6KA6 with uuid: 4f86e8a5-d5d4-480c-890f-e973d87ff3ab
2020-10-15 09:13:49,063 org.tts.service.networks.NetworkService DEBUG (NetworkService.java:520) - Using RPS6KA6
2020-10-15 09:19:43,354 org.springframework.boot.StartupInfoLogger DEBUG (StartupInfoLogger.java:56) - Running with Spring Boot v2.2.7.RELEASE, Spring v5.2.6.RELEASE
2020-10-15 09:31:21,900 org.tts.service.networks.NetworkService DEBUG (NetworkService.java:518) - Found Species RPS6KA6 with uuid: 4f86e8a5-d5d4-480c-890f-e973d87ff3ab
2020-10-15 09:31:21,902 org.tts.service.networks.NetworkService DEBUG (NetworkService.java:520) - Using RPS6KA6
2020-10-15 09:31:28,340 org.tts.service.networks.NetworkService DEBUG (NetworkService.java:518) - Found Species RPS6KA6 with uuid: 4f86e8a5-d5d4-480c-890f-e973d87ff3ab
2020-10-15 09:31:28,341 org.tts.service.networks.NetworkService DEBUG (NetworkService.java:520) - Using RPS6KA6
2020-10-15 09:31:36,983 org.tts.service.networks.NetworkService DEBUG (NetworkService.java:518) - Found Species RPS6KA6 with uuid: 4f86e8a5-d5d4-480c-890f-e973d87ff3ab
2020-10-15 09:31:36,984 org.tts.service.networks.NetworkService DEBUG (NetworkService.java:520) - Using RPS6KA6
2020-10-15 09:37:47,966 org.springframework.boot.StartupInfoLogger DEBUG (StartupInfoLogger.java:56) - Running with Spring Boot v2.2.7.RELEASE, Spring v5.2.6.RELEASE
2020-10-15 09:46:08,354 org.tts.service.networks.NetworkService DEBUG (NetworkService.java:518) - Found Species RPS6KA6 with uuid: 4f86e8a5-d5d4-480c-890f-e973d87ff3ab
2020-10-15 09:46:08,361 org.tts.service.networks.NetworkService DEBUG (NetworkService.java:520) - Using RPS6KA6
2020-10-15 09:46:14,082 org.tts.service.networks.NetworkService DEBUG (NetworkService.java:518) - Found Species RPS6KA6 with uuid: 4f86e8a5-d5d4-480c-890f-e973d87ff3ab
2020-10-15 09:46:14,083 org.tts.service.networks.NetworkService DEBUG (NetworkService.java:520) - Using RPS6KA6
2020-10-15 09:46:22,217 org.tts.service.networks.NetworkService DEBUG (NetworkService.java:518) - Found Species RPS6KA6 with uuid: 4f86e8a5-d5d4-480c-890f-e973d87ff3ab
2020-10-15 09:46:22,218 org.tts.service.networks.NetworkService DEBUG (NetworkService.java:520) - Using RPS6KA6
2020-10-15 10:04:32,970 org.tts.service.networks.NetworkService DEBUG (NetworkService.java:518) - Found Species RPS6KA6 with uuid: 4f86e8a5-d5d4-480c-890f-e973d87ff3ab
2020-10-15 10:04:32,974 org.tts.service.networks.NetworkService DEBUG (NetworkService.java:520) - Using RPS6KA6
2020-10-15 10:04:40,913 org.tts.service.networks.NetworkService DEBUG (NetworkService.java:518) - Found Species RPS6KA6 with uuid: 4f86e8a5-d5d4-480c-890f-e973d87ff3ab
2020-10-15 10:04:40,914 org.tts.service.networks.NetworkService DEBUG (NetworkService.java:520) - Using RPS6KA6
2020-10-15 10:04:47,314 org.tts.service.networks.NetworkService DEBUG (NetworkService.java:518) - Found Species RPS6KA6 with uuid: 4f86e8a5-d5d4-480c-890f-e973d87ff3ab
2020-10-15 10:04:47,314 org.tts.service.networks.NetworkService DEBUG (NetworkService.java:520) - Using RPS6KA6
2020-10-15 10:09:23,832 org.springframework.boot.StartupInfoLogger DEBUG (StartupInfoLogger.java:56) - Running with Spring Boot v2.2.7.RELEASE, Spring v5.2.6.RELEASE
2020-10-15 10:14:02,951 org.tts.service.networks.NetworkService DEBUG (NetworkService.java:518) - Found Species RPS6KA6 with uuid: 4f86e8a5-d5d4-480c-890f-e973d87ff3ab
2020-10-15 10:14:02,955 org.tts.service.networks.NetworkService DEBUG (NetworkService.java:520) - Using RPS6KA6
2020-10-15 10:14:10,252 org.tts.service.networks.NetworkService DEBUG (NetworkService.java:518) - Found Species RPS6KA6 with uuid: 4f86e8a5-d5d4-480c-890f-e973d87ff3ab
2020-10-15 10:14:10,253 org.tts.service.networks.NetworkService DEBUG (NetworkService.java:520) - Using RPS6KA6
2020-10-15 10:14:18,579 org.tts.service.networks.NetworkService DEBUG (NetworkService.java:518) - Found Species RPS6KA6 with uuid: 4f86e8a5-d5d4-480c-890f-e973d87ff3ab
2020-10-15 10:14:18,581 org.tts.service.networks.NetworkService DEBUG (NetworkService.java:520) - Using RPS6KA6
2020-10-15 10:37:46,785 org.tts.service.networks.NetworkService DEBUG (NetworkService.java:518) - Found Species RPS6KA6 with uuid: 4f86e8a5-d5d4-480c-890f-e973d87ff3ab
2020-10-15 10:37:46,794 org.tts.service.networks.NetworkService DEBUG (NetworkService.java:520) - Using RPS6KA6
2020-10-15 10:37:53,542 org.tts.service.networks.NetworkService DEBUG (NetworkService.java:518) - Found Species RPS6KA6 with uuid: 4f86e8a5-d5d4-480c-890f-e973d87ff3ab
2020-10-15 10:37:53,543 org.tts.service.networks.NetworkService DEBUG (NetworkService.java:520) - Using RPS6KA6
2020-10-15 10:37:58,908 org.tts.service.networks.NetworkService DEBUG (NetworkService.java:518) - Found Species RPS6KA6 with uuid: 4f86e8a5-d5d4-480c-890f-e973d87ff3ab
2020-10-15 10:37:58,909 org.tts.service.networks.NetworkService DEBUG (NetworkService.java:520) - Using RPS6KA6
2020-10-15 10:39:41,383 org.tts.service.networks.NetworkService DEBUG (NetworkService.java:518) - Found Species RPS6KA6 with uuid: 4f86e8a5-d5d4-480c-890f-e973d87ff3ab
2020-10-15 10:39:41,390 org.tts.service.networks.NetworkService DEBUG (NetworkService.java:520) - Using RPS6KA6
2020-10-15 10:39:45,636 org.tts.service.networks.NetworkService DEBUG (NetworkService.java:518) - Found Species RPS6KA6 with uuid: 4f86e8a5-d5d4-480c-890f-e973d87ff3ab
2020-10-15 10:39:45,637 org.tts.service.networks.NetworkService DEBUG (NetworkService.java:520) - Using RPS6KA6
2020-10-15 10:39:49,305 org.tts.service.networks.NetworkService DEBUG (NetworkService.java:518) - Found Species RPS6KA6 with uuid: 4f86e8a5-d5d4-480c-890f-e973d87ff3ab
2020-10-15 10:39:49,306 org.tts.service.networks.NetworkService DEBUG (NetworkService.java:520) - Using RPS6KA6
2020-10-15 12:41:51,751 org.tts.service.networks.NetworkService DEBUG (NetworkService.java:518) - Found Species RPS6KA6 with uuid: 4f86e8a5-d5d4-480c-890f-e973d87ff3ab
2020-10-15 12:41:51,766 org.tts.service.networks.NetworkService DEBUG (NetworkService.java:520) - Using RPS6KA6
2020-10-15 12:41:56,494 org.tts.service.networks.NetworkService DEBUG (NetworkService.java:518) - Found Species RPS6KA6 with uuid: 4f86e8a5-d5d4-480c-890f-e973d87ff3ab
2020-10-15 12:41:56,496 org.tts.service.networks.NetworkService DEBUG (NetworkService.java:520) - Using RPS6KA6
2020-10-15 12:42:00,269 org.tts.service.networks.NetworkService DEBUG (NetworkService.java:518) - Found Species RPS6KA6 with uuid: 4f86e8a5-d5d4-480c-890f-e973d87ff3ab
2020-10-15 12:42:00,271 org.tts.service.networks.NetworkService DEBUG (NetworkService.java:520) - Using RPS6KA6
2020-10-15 13:03:35,126 org.tts.service.networks.NetworkService DEBUG (NetworkService.java:518) - Found Species RPS6KA6 with uuid: 4f86e8a5-d5d4-480c-890f-e973d87ff3ab
2020-10-15 13:03:35,131 org.tts.service.networks.NetworkService DEBUG (NetworkService.java:520) - Using RPS6KA6
2020-10-15 13:03:40,623 org.tts.service.networks.NetworkService DEBUG (NetworkService.java:518) - Found Species RPS6KA6 with uuid: 4f86e8a5-d5d4-480c-890f-e973d87ff3ab
2020-10-15 13:03:40,625 org.tts.service.networks.NetworkService DEBUG (NetworkService.java:520) - Using RPS6KA6
2020-10-15 13:03:46,440 org.tts.service.networks.NetworkService DEBUG (NetworkService.java:518) - Found Species RPS6KA6 with uuid: 4f86e8a5-d5d4-480c-890f-e973d87ff3ab
2020-10-15 13:03:46,466 org.tts.service.networks.NetworkService DEBUG (NetworkService.java:520) - Using RPS6KA6
2020-10-15 13:11:45,545 org.springframework.boot.StartupInfoLogger DEBUG (StartupInfoLogger.java:56) - Running with Spring Boot v2.2.7.RELEASE, Spring v5.2.6.RELEASE
2020-10-15 13:23:43,869 org.tts.service.networks.NetworkService DEBUG (NetworkService.java:518) - Found Species RPS6KA6 with uuid: 4f86e8a5-d5d4-480c-890f-e973d87ff3ab
2020-10-15 13:23:43,873 org.tts.service.networks.NetworkService DEBUG (NetworkService.java:520) - Using RPS6KA6
2020-10-15 13:23:51,162 org.tts.service.networks.NetworkService DEBUG (NetworkService.java:518) - Found Species RPS6KA6 with uuid: 4f86e8a5-d5d4-480c-890f-e973d87ff3ab
2020-10-15 13:23:51,162 org.tts.service.networks.NetworkService DEBUG (NetworkService.java:520) - Using RPS6KA6
2020-10-15 13:24:00,412 org.tts.service.networks.NetworkService DEBUG (NetworkService.java:518) - Found Species RPS6KA6 with uuid: 4f86e8a5-d5d4-480c-890f-e973d87ff3ab
2020-10-15 13:24:00,413 org.tts.service.networks.NetworkService DEBUG (NetworkService.java:520) - Using RPS6KA6
2020-10-15 13:45:30,569 org.springframework.boot.StartupInfoLogger DEBUG (StartupInfoLogger.java:56) - Running with Spring Boot v2.2.7.RELEASE, Spring v5.2.6.RELEASE
2020-10-15 13:52:13,675 org.springframework.boot.StartupInfoLogger DEBUG (StartupInfoLogger.java:56) - Running with Spring Boot v2.2.7.RELEASE, Spring v5.2.6.RELEASE
2020-10-15 13:59:10,461 org.springframework.boot.StartupInfoLogger DEBUG (StartupInfoLogger.java:56) - Running with Spring Boot v2.2.7.RELEASE, Spring v5.2.6.RELEASE
2020-10-15 14:03:23,734 org.tts.service.networks.NetworkService DEBUG (NetworkService.java:518) - Found Species RPS6KA6 with uuid: 4f86e8a5-d5d4-480c-890f-e973d87ff3ab
2020-10-15 14:03:23,736 org.tts.service.networks.NetworkService DEBUG (NetworkService.java:520) - Using RPS6KA6
2020-10-15 14:03:30,561 org.tts.service.networks.NetworkService DEBUG (NetworkService.java:518) - Found Species RPS6KA6 with uuid: 4f86e8a5-d5d4-480c-890f-e973d87ff3ab
2020-10-15 14:03:30,562 org.tts.service.networks.NetworkService DEBUG (NetworkService.java:520) - Using RPS6KA6
2020-10-15 14:03:37,447 org.tts.service.networks.NetworkService DEBUG (NetworkService.java:518) - Found Species RPS6KA6 with uuid: 4f86e8a5-d5d4-480c-890f-e973d87ff3ab
2020-10-15 14:03:37,448 org.tts.service.networks.NetworkService DEBUG (NetworkService.java:520) - Using RPS6KA6
2020-10-15 14:06:41,467 org.springframework.boot.StartupInfoLogger DEBUG (StartupInfoLogger.java:56) - Running with Spring Boot v2.2.7.RELEASE, Spring v5.2.6.RELEASE
2020-10-15 14:11:30,614 org.tts.service.networks.NetworkService DEBUG (NetworkService.java:518) - Found Species RPS6KA6 with uuid: 4f86e8a5-d5d4-480c-890f-e973d87ff3ab
2020-10-15 14:11:30,616 org.tts.service.networks.NetworkService DEBUG (NetworkService.java:520) - Using RPS6KA6
2020-10-15 14:11:36,396 org.tts.service.networks.NetworkService DEBUG (NetworkService.java:518) - Found Species RPS6KA6 with uuid: 4f86e8a5-d5d4-480c-890f-e973d87ff3ab
2020-10-15 14:11:36,397 org.tts.service.networks.NetworkService DEBUG (NetworkService.java:520) - Using RPS6KA6
2020-10-15 14:11:42,480 org.tts.service.networks.NetworkService DEBUG (NetworkService.java:518) - Found Species RPS6KA6 with uuid: 4f86e8a5-d5d4-480c-890f-e973d87ff3ab
2020-10-15 14:11:42,481 org.tts.service.networks.NetworkService DEBUG (NetworkService.java:520) - Using RPS6KA6
2020-10-16 12:58:42,133 org.tts.service.networks.NetworkService DEBUG (NetworkService.java:518) - Found Species CYP1A1 with uuid: 87ee511b-c21b-463a-99d7-ba46b1d57ea0
2020-10-16 12:58:42,176 org.tts.service.networks.NetworkService DEBUG (NetworkService.java:520) - Using CYP1A1
2020-10-16 12:58:42,388 org.tts.service.networks.NetworkService DEBUG (NetworkService.java:518) - Found Species CYP1A1 with uuid: 87ee511b-c21b-463a-99d7-ba46b1d57ea0
2020-10-16 12:58:42,390 org.tts.service.networks.NetworkService DEBUG (NetworkService.java:520) - Using CYP1A1
2020-10-19 08:13:12,094 org.tts.service.networks.NetworkService DEBUG (NetworkService.java:518) - Found Species RPS6KA6 with uuid: 4f86e8a5-d5d4-480c-890f-e973d87ff3ab
2020-10-19 08:13:12,099 org.tts.service.networks.NetworkService DEBUG (NetworkService.java:520) - Using RPS6KA6
2020-10-19 08:13:17,844 org.tts.service.networks.NetworkService DEBUG (NetworkService.java:518) - Found Species RPS6KA6 with uuid: 4f86e8a5-d5d4-480c-890f-e973d87ff3ab
2020-10-19 08:13:17,846 org.tts.service.networks.NetworkService DEBUG (NetworkService.java:520) - Using RPS6KA6
2020-10-19 08:13:23,084 org.tts.service.networks.NetworkService DEBUG (NetworkService.java:518) - Found Species RPS6KA6 with uuid: 4f86e8a5-d5d4-480c-890f-e973d87ff3ab
2020-10-19 08:13:23,085 org.tts.service.networks.NetworkService DEBUG (NetworkService.java:520) - Using RPS6KA6
2020-10-19 08:20:31,562 org.tts.service.networks.NetworkService DEBUG (NetworkService.java:518) - Found Species RPS6KA6 with uuid: 4f86e8a5-d5d4-480c-890f-e973d87ff3ab
2020-10-19 08:20:31,575 org.tts.service.networks.NetworkService DEBUG (NetworkService.java:520) - Using RPS6KA6
2020-10-19 08:20:37,481 org.tts.service.networks.NetworkService DEBUG (NetworkService.java:518) - Found Species RPS6KA6 with uuid: 4f86e8a5-d5d4-480c-890f-e973d87ff3ab
2020-10-19 08:20:37,482 org.tts.service.networks.NetworkService DEBUG (NetworkService.java:520) - Using RPS6KA6
2020-10-19 08:20:43,850 org.tts.service.networks.NetworkService DEBUG (NetworkService.java:518) - Found Species RPS6KA6 with uuid: 4f86e8a5-d5d4-480c-890f-e973d87ff3ab
2020-10-19 08:20:43,850 org.tts.service.networks.NetworkService DEBUG (NetworkService.java:520) - Using RPS6KA6
2020-10-19 08:23:37,420 org.springframework.boot.StartupInfoLogger DEBUG (StartupInfoLogger.java:56) - Running with Spring Boot v2.2.7.RELEASE, Spring v5.2.6.RELEASE
2020-10-19 08:31:33,952 org.tts.service.networks.NetworkService DEBUG (NetworkService.java:518) - Found Species RPS6KA6 with uuid: 4f86e8a5-d5d4-480c-890f-e973d87ff3ab
2020-10-19 08:31:33,958 org.tts.service.networks.NetworkService DEBUG (NetworkService.java:520) - Using RPS6KA6
2020-10-19 08:31:46,376 org.tts.service.networks.NetworkService DEBUG (NetworkService.java:518) - Found Species RPS6KA6 with uuid: 4f86e8a5-d5d4-480c-890f-e973d87ff3ab
2020-10-19 08:31:46,376 org.tts.service.networks.NetworkService DEBUG (NetworkService.java:520) - Using RPS6KA6
2020-10-19 08:32:01,572 org.tts.service.networks.NetworkService DEBUG (NetworkService.java:518) - Found Species RPS6KA6 with uuid: 4f86e8a5-d5d4-480c-890f-e973d87ff3ab
2020-10-19 08:32:01,573 org.tts.service.networks.NetworkService DEBUG (NetworkService.java:520) - Using RPS6KA6
2020-10-19 08:34:47,300 org.tts.service.networks.NetworkService DEBUG (NetworkService.java:518) - Found Species RPS6KA6 with uuid: 4f86e8a5-d5d4-480c-890f-e973d87ff3ab
2020-10-19 08:34:47,302 org.tts.service.networks.NetworkService DEBUG (NetworkService.java:520) - Using RPS6KA6
2020-10-19 08:34:50,490 org.tts.service.networks.NetworkService DEBUG (NetworkService.java:518) - Found Species RPS6KA6 with uuid: 4f86e8a5-d5d4-480c-890f-e973d87ff3ab
2020-10-19 08:34:50,491 org.tts.service.networks.NetworkService DEBUG (NetworkService.java:520) - Using RPS6KA6
2020-10-19 08:34:58,459 org.tts.service.networks.NetworkService DEBUG (NetworkService.java:518) - Found Species RPS6KA6 with uuid: 4f86e8a5-d5d4-480c-890f-e973d87ff3ab
2020-10-19 08:34:58,460 org.tts.service.networks.NetworkService DEBUG (NetworkService.java:520) - Using RPS6KA6
2020-10-19 08:55:57,410 org.tts.service.networks.NetworkService DEBUG (NetworkService.java:518) - Found Species RPS6KA6 with uuid: 4f86e8a5-d5d4-480c-890f-e973d87ff3ab
2020-10-19 08:55:57,417 org.tts.service.networks.NetworkService DEBUG (NetworkService.java:520) - Using RPS6KA6
2020-10-19 08:56:08,825 org.tts.service.networks.NetworkService DEBUG (NetworkService.java:518) - Found Species RPS6KA6 with uuid: 4f86e8a5-d5d4-480c-890f-e973d87ff3ab
2020-10-19 08:56:08,825 org.tts.service.networks.NetworkService DEBUG (NetworkService.java:520) - Using RPS6KA6
2020-10-19 08:56:22,635 org.tts.service.networks.NetworkService DEBUG (NetworkService.java:518) - Found Species RPS6KA6 with uuid: 4f86e8a5-d5d4-480c-890f-e973d87ff3ab
2020-10-19 08:56:22,650 org.tts.service.networks.NetworkService DEBUG (NetworkService.java:520) - Using RPS6KA6
2020-10-19 09:05:42,195 org.springframework.boot.StartupInfoLogger DEBUG (StartupInfoLogger.java:56) - Running with Spring Boot v2.2.7.RELEASE, Spring v5.2.6.RELEASE
2020-10-19 09:10:54,326 org.tts.service.networks.NetworkService DEBUG (NetworkService.java:518) - Found Species RPS6KA6 with uuid: 4f86e8a5-d5d4-480c-890f-e973d87ff3ab
2020-10-19 09:10:54,333 org.tts.service.networks.NetworkService DEBUG (NetworkService.java:520) - Using RPS6KA6
2020-10-19 09:11:11,207 org.tts.service.networks.NetworkService DEBUG (NetworkService.java:518) - Found Species RPS6KA6 with uuid: 4f86e8a5-d5d4-480c-890f-e973d87ff3ab
2020-10-19 09:11:11,208 org.tts.service.networks.NetworkService DEBUG (NetworkService.java:520) - Using RPS6KA6
2020-10-19 09:11:28,332 org.tts.service.networks.NetworkService DEBUG (NetworkService.java:518) - Found Species RPS6KA6 with uuid: 4f86e8a5-d5d4-480c-890f-e973d87ff3ab
2020-10-19 09:11:28,333 org.tts.service.networks.NetworkService DEBUG (NetworkService.java:520) - Using RPS6KA6
2020-10-19 09:16:40,688 org.springframework.boot.StartupInfoLogger DEBUG (StartupInfoLogger.java:56) - Running with Spring Boot v2.2.7.RELEASE, Spring v5.2.6.RELEASE
2020-10-19 09:22:42,284 org.tts.service.networks.NetworkService DEBUG (NetworkService.java:518) - Found Species RPS6KA6 with uuid: 4f86e8a5-d5d4-480c-890f-e973d87ff3ab
2020-10-19 09:22:42,286 org.tts.service.networks.NetworkService DEBUG (NetworkService.java:520) - Using RPS6KA6
2020-10-19 09:22:51,114 org.tts.service.networks.NetworkService DEBUG (NetworkService.java:518) - Found Species RPS6KA6 with uuid: 4f86e8a5-d5d4-480c-890f-e973d87ff3ab
2020-10-19 09:22:51,114 org.tts.service.networks.NetworkService DEBUG (NetworkService.java:520) - Using RPS6KA6
2020-10-19 09:23:01,324 org.tts.service.networks.NetworkService DEBUG (NetworkService.java:518) - Found Species RPS6KA6 with uuid: 4f86e8a5-d5d4-480c-890f-e973d87ff3ab
2020-10-19 09:23:01,325 org.tts.service.networks.NetworkService DEBUG (NetworkService.java:520) - Using RPS6KA6
2020-10-19 09:31:40,361 org.tts.service.networks.NetworkService DEBUG (NetworkService.java:518) - Found Species RPS6KA6 with uuid: 4f86e8a5-d5d4-480c-890f-e973d87ff3ab
2020-10-19 09:31:40,368 org.tts.service.networks.NetworkService DEBUG (NetworkService.java:520) - Using RPS6KA6
2020-10-19 09:31:48,373 org.tts.service.networks.NetworkService DEBUG (NetworkService.java:518) - Found Species RPS6KA6 with uuid: 4f86e8a5-d5d4-480c-890f-e973d87ff3ab
2020-10-19 09:31:48,374 org.tts.service.networks.NetworkService DEBUG (NetworkService.java:520) - Using RPS6KA6
2020-10-19 09:31:55,540 org.tts.service.networks.NetworkService DEBUG (NetworkService.java:518) - Found Species RPS6KA6 with uuid: 4f86e8a5-d5d4-480c-890f-e973d87ff3ab
2020-10-19 09:31:55,541 org.tts.service.networks.NetworkService DEBUG (NetworkService.java:520) - Using RPS6KA6
2020-10-19 09:44:44,962 org.springframework.boot.StartupInfoLogger DEBUG (StartupInfoLogger.java:56) - Running with Spring Boot v2.2.7.RELEASE, Spring v5.2.6.RELEASE
2020-10-19 09:50:40,501 org.tts.service.networks.NetworkService DEBUG (NetworkService.java:518) - Found Species RPS6KA6 with uuid: 4f86e8a5-d5d4-480c-890f-e973d87ff3ab
2020-10-19 09:50:40,503 org.tts.service.networks.NetworkService DEBUG (NetworkService.java:520) - Using RPS6KA6
2020-10-19 09:50:55,959 org.tts.service.networks.NetworkService DEBUG (NetworkService.java:518) - Found Species RPS6KA6 with uuid: 4f86e8a5-d5d4-480c-890f-e973d87ff3ab
2020-10-19 09:50:55,960 org.tts.service.networks.NetworkService DEBUG (NetworkService.java:520) - Using RPS6KA6
2020-10-19 09:51:13,530 org.tts.service.networks.NetworkService DEBUG (NetworkService.java:518) - Found Species RPS6KA6 with uuid: 4f86e8a5-d5d4-480c-890f-e973d87ff3ab
2020-10-19 09:51:13,532 org.tts.service.networks.NetworkService DEBUG (NetworkService.java:520) - Using RPS6KA6
2020-10-19 10:04:42,494 org.tts.service.networks.NetworkService DEBUG (NetworkService.java:518) - Found Species RPS6KA6 with uuid: 4f86e8a5-d5d4-480c-890f-e973d87ff3ab
2020-10-19 10:04:42,495 org.tts.service.networks.NetworkService DEBUG (NetworkService.java:520) - Using RPS6KA6
2020-10-19 10:04:48,380 org.tts.service.networks.NetworkService DEBUG (NetworkService.java:518) - Found Species RPS6KA6 with uuid: 4f86e8a5-d5d4-480c-890f-e973d87ff3ab
2020-10-19 10:04:48,382 org.tts.service.networks.NetworkService DEBUG (NetworkService.java:520) - Using RPS6KA6
2020-10-19 10:04:58,866 org.tts.service.networks.NetworkService DEBUG (NetworkService.java:518) - Found Species RPS6KA6 with uuid: 4f86e8a5-d5d4-480c-890f-e973d87ff3ab
2020-10-19 10:04:58,867 org.tts.service.networks.NetworkService DEBUG (NetworkService.java:520) - Using RPS6KA6
2020-10-19 11:28:27,510 org.tts.service.networks.NetworkService DEBUG (NetworkService.java:518) - Found Species RPS6KA6 with uuid: 4f86e8a5-d5d4-480c-890f-e973d87ff3ab
2020-10-19 11:28:27,542 org.tts.service.networks.NetworkService DEBUG (NetworkService.java:520) - Using RPS6KA6
2020-10-19 11:28:35,743 org.tts.service.networks.NetworkService DEBUG (NetworkService.java:518) - Found Species RPS6KA6 with uuid: 4f86e8a5-d5d4-480c-890f-e973d87ff3ab
2020-10-19 11:28:35,743 org.tts.service.networks.NetworkService DEBUG (NetworkService.java:520) - Using RPS6KA6
2020-10-19 11:28:43,270 org.tts.service.networks.NetworkService DEBUG (NetworkService.java:518) - Found Species RPS6KA6 with uuid: 4f86e8a5-d5d4-480c-890f-e973d87ff3ab
2020-10-19 11:28:43,271 org.tts.service.networks.NetworkService DEBUG (NetworkService.java:520) - Using RPS6KA6
2020-10-19 12:25:24,397 org.tts.service.networks.NetworkService DEBUG (NetworkService.java:518) - Found Species RPS6KA6 with uuid: 4f86e8a5-d5d4-480c-890f-e973d87ff3ab
2020-10-19 12:25:24,408 org.tts.service.networks.NetworkService DEBUG (NetworkService.java:520) - Using RPS6KA6
2020-10-19 12:25:27,118 org.tts.service.networks.NetworkService DEBUG (NetworkService.java:518) - Found Species RPS6KA6 with uuid: 4f86e8a5-d5d4-480c-890f-e973d87ff3ab
2020-10-19 12:25:27,119 org.tts.service.networks.NetworkService DEBUG (NetworkService.java:520) - Using RPS6KA6
2020-10-19 12:25:32,862 org.tts.service.networks.NetworkService DEBUG (NetworkService.java:518) - Found Species RPS6KA6 with uuid: 4f86e8a5-d5d4-480c-890f-e973d87ff3ab
2020-10-19 12:25:32,869 org.tts.service.networks.NetworkService DEBUG (NetworkService.java:520) - Using RPS6KA6
2020-10-21 11:06:49,503 org.tts.service.networks.NetworkService DEBUG (NetworkService.java:518) - Found Species RPS6KA6 with uuid: 4f86e8a5-d5d4-480c-890f-e973d87ff3ab
2020-10-21 11:06:49,519 org.tts.service.networks.NetworkService DEBUG (NetworkService.java:520) - Using RPS6KA6
2020-10-21 11:07:09,733 org.tts.service.networks.NetworkService DEBUG (NetworkService.java:518) - Found Species RPS6KA6 with uuid: 4f86e8a5-d5d4-480c-890f-e973d87ff3ab
2020-10-21 11:07:09,775 org.tts.service.networks.NetworkService DEBUG (NetworkService.java:520) - Using RPS6KA6
2020-10-21 11:07:30,885 org.tts.service.networks.NetworkService DEBUG (NetworkService.java:518) - Found Species RPS6KA6 with uuid: 4f86e8a5-d5d4-480c-890f-e973d87ff3ab
2020-10-21 11:07:30,887 org.tts.service.networks.NetworkService DEBUG (NetworkService.java:520) - Using RPS6KA6
2020-10-21 14:01:50,805 org.springframework.boot.StartupInfoLogger DEBUG (StartupInfoLogger.java:56) - Running with Spring Boot v2.2.7.RELEASE, Spring v5.2.6.RELEASE
2020-10-21 14:09:27,653 org.springframework.boot.StartupInfoLogger DEBUG (StartupInfoLogger.java:56) - Running with Spring Boot v2.2.7.RELEASE, Spring v5.2.6.RELEASE
